#
# There is insufficient memory for the Java Runtime Environment to continue.
# Native memory allocation (malloc) failed to allocate 1525584 bytes. Error detail: Chunk::new
# Possible reasons:
#   The system is out of physical RAM or swap space
#   This process is running with CompressedOops enabled, and the Java Heap may be blocking the growth of the native heap
# Possible solutions:
#   Reduce memory load on the system
#   Increase physical memory or swap space
#   Check if swap backing store is full
#   Decrease Java heap size (-Xmx/-Xms)
#   Decrease number of Java threads
#   Decrease Java thread stack sizes (-Xss)
#   Set larger code cache with -XX:ReservedCodeCacheSize=
#   JVM is running with Unscaled Compressed Oops mode in which the Java heap is
#     placed in the first 4GB address space. The Java Heap base address is the
#     maximum limit for the native heap growth. Please use -XX:HeapBaseMinAddress
#     to set the Java Heap base and to place the Java Heap above 4GB virtual address.
# This output file may be truncated or incomplete.
#
#  Out of Memory Error (arena.cpp:168), pid=5140, tid=11096
#
# JRE version: OpenJDK Runtime Environment JBR-21.0.8+1-1038.73-jcef (21.0.8+1) (build 21.0.8+1-b1038.73)
# Java VM: OpenJDK 64-Bit Server VM JBR-21.0.8+1-1038.73-jcef (21.0.8+1-b1038.73, mixed mode, sharing, tiered, compressed oops, compressed class ptrs, g1 gc, windows-amd64)
# No core dump will be written. Minidumps are not enabled by default on client versions of Windows
#

---------------  S U M M A R Y ------------

Command Line: -Djava.rmi.server.hostname=127.0.0.1 -Duser.timezone=UTC -Xmx2048m -Xms128m -Djdbc.classpath=C:\Users\DAM\AppData\Local\Temp\RemoteDriver1.classpath.txt --add-exports=java.desktop/sun.awt=ALL-UNNAMED --add-exports=java.desktop/java.awt.peer=ALL-UNNAMED --add-opens=java.desktop/java.awt=ALL-UNNAMED --add-opens=jdk.unsupported/sun.misc=ALL-UNNAMED --add-opens=java.base/java.nio=ALL-UNNAMED --add-opens=java.base/java.util=ALL-UNNAMED -Dfile.encoding=UTF-8 -Dsun.stdout.encoding=UTF-8 -Dsun.stderr.encoding=UTF-8 com.intellij.database.remote.RemoteJdbcServer org.mariadb.jdbc.Driver

Host: Intel(R) Core(TM) i5-9400 CPU @ 2.90GHz, 6 cores, 15G,  Windows 11 , 64 bit Build 26100 (10.0.26100.7019)
Time: Tue Nov 18 12:46:58 2025 Hora estándar romance elapsed time: 3524.345958 seconds (0d 0h 58m 44s)

---------------  T H R E A D  ---------------

Current thread (0x0000017f32c0ce30):  JavaThread "C2 CompilerThread0" daemon [_thread_in_native, id=11096, stack(0x000000733a900000,0x000000733aa00000) (1024K)]


Current CompileTask:
C2:3524346 2443       4       java.io.ObjectInputStream::readClassDesc (121 bytes)

Stack: [0x000000733a900000,0x000000733aa00000]
Native frames: (J=compiled Java code, j=interpreted, Vv=VM code, C=native code)
V  [jvm.dll+0x6ebeb9]
V  [jvm.dll+0x8cbec3]
V  [jvm.dll+0x8ce47e]
V  [jvm.dll+0x8ceb63]
V  [jvm.dll+0x28adf6]
V  [jvm.dll+0xc6f3d]
V  [jvm.dll+0xc7473]
V  [jvm.dll+0x3c7aeb]
V  [jvm.dll+0x1e7892]
V  [jvm.dll+0x251ee4]
V  [jvm.dll+0x251361]
V  [jvm.dll+0x1ceb64]
V  [jvm.dll+0x260bfe]
V  [jvm.dll+0x25f146]
V  [jvm.dll+0x402ee6]
V  [jvm.dll+0x873a78]
V  [jvm.dll+0x6ea63d]
C  [ucrtbase.dll+0x37b0]
C  [KERNEL32.DLL+0x2e8d7]
C  [ntdll.dll+0x8c53c]


---------------  P R O C E S S  ---------------

Threads class SMR info:
_java_thread_list=0x0000017f797e8c80, length=19, elements={
0x0000017f186b8170, 0x0000017f32bfc250, 0x0000017f32c02c20, 0x0000017f32c03680,
0x0000017f32c04880, 0x0000017f32c05ce0, 0x0000017f32c0a890, 0x0000017f32c0b550,
0x0000017f32c0ce30, 0x0000017f32c0da00, 0x0000017f79124830, 0x0000017f7971ba40,
0x0000017f79282590, 0x0000017f7945f040, 0x0000017f79724510, 0x0000017f79599540,
0x0000017f7954bfa0, 0x0000017f7954c610, 0x0000017f79534ce0
}

Java Threads: ( => current thread )
  0x0000017f186b8170 JavaThread "main"                              [_thread_blocked, id=21456, stack(0x0000007339a00000,0x0000007339b00000) (1024K)]
  0x0000017f32bfc250 JavaThread "Common-Cleaner"             daemon [_thread_blocked, id=19104, stack(0x000000733a200000,0x000000733a300000) (1024K)]
  0x0000017f32c02c20 JavaThread "Reference Handler"          daemon [_thread_blocked, id=8288, stack(0x000000733a300000,0x000000733a400000) (1024K)]
  0x0000017f32c03680 JavaThread "Finalizer"                  daemon [_thread_blocked, id=11772, stack(0x000000733a400000,0x000000733a500000) (1024K)]
  0x0000017f32c04880 JavaThread "Signal Dispatcher"          daemon [_thread_blocked, id=20384, stack(0x000000733a500000,0x000000733a600000) (1024K)]
  0x0000017f32c05ce0 JavaThread "Attach Listener"            daemon [_thread_blocked, id=9480, stack(0x000000733a600000,0x000000733a700000) (1024K)]
  0x0000017f32c0a890 JavaThread "Service Thread"             daemon [_thread_blocked, id=3092, stack(0x000000733a700000,0x000000733a800000) (1024K)]
  0x0000017f32c0b550 JavaThread "Monitor Deflation Thread"   daemon [_thread_blocked, id=4880, stack(0x000000733a800000,0x000000733a900000) (1024K)]
=>0x0000017f32c0ce30 JavaThread "C2 CompilerThread0"         daemon [_thread_in_native, id=11096, stack(0x000000733a900000,0x000000733aa00000) (1024K)]
  0x0000017f32c0da00 JavaThread "C1 CompilerThread0"         daemon [_thread_blocked, id=9796, stack(0x000000733aa00000,0x000000733ab00000) (1024K)]
  0x0000017f79124830 JavaThread "Notification Thread"        daemon [_thread_blocked, id=15560, stack(0x000000733ab00000,0x000000733ac00000) (1024K)]
  0x0000017f7971ba40 JavaThread "RMI TCP Accept-41035"       daemon [_thread_in_native, id=6640, stack(0x000000733ad00000,0x000000733ae00000) (1024K)]
  0x0000017f79282590 JavaThread "RMI TCP Accept-0"           daemon [_thread_in_native, id=16300, stack(0x000000733ae00000,0x000000733af00000) (1024K)]
  0x0000017f7945f040 JavaThread "RMI Reaper"                        [_thread_blocked, id=12984, stack(0x000000733af00000,0x000000733b000000) (1024K)]
  0x0000017f79724510 JavaThread "RMI GC Daemon"              daemon [_thread_blocked, id=12896, stack(0x000000733b000000,0x000000733b100000) (1024K)]
  0x0000017f79599540 JavaThread "RMI TCP Connection(1)-127.0.0.1" daemon [_thread_in_native, id=16120, stack(0x000000733b100000,0x000000733b200000) (1024K)]
  0x0000017f7954bfa0 JavaThread "RMI Scheduler(0)"           daemon [_thread_blocked, id=15912, stack(0x000000733b300000,0x000000733b400000) (1024K)]
  0x0000017f7954c610 JavaThread "RMI TCP Connection(3)-127.0.0.1" daemon [_thread_in_native, id=1124, stack(0x000000733b400000,0x000000733b500000) (1024K)]
  0x0000017f79534ce0 JavaThread "RMI RenewClean-[127.0.0.1:54587]" daemon [_thread_blocked, id=10520, stack(0x000000733b600000,0x000000733b700000) (1024K)]
Total: 19

Other Threads:
  0x0000017f32bde780 VMThread "VM Thread"                           [id=18412, stack(0x000000733a100000,0x000000733a200000) (1024K)]
  0x0000017f32bcf3f0 WatcherThread "VM Periodic Task Thread"        [id=8992, stack(0x000000733a000000,0x000000733a100000) (1024K)]
  0x0000017f1aae4500 WorkerThread "GC Thread#0"                     [id=16912, stack(0x0000007339b00000,0x0000007339c00000) (1024K)]
  0x0000017f798831c0 WorkerThread "GC Thread#1"                     [id=11916, stack(0x000000733b700000,0x000000733b800000) (1024K)]
  0x0000017f795699b0 WorkerThread "GC Thread#2"                     [id=15356, stack(0x000000733b800000,0x000000733b900000) (1024K)]
  0x0000017f797e5410 WorkerThread "GC Thread#3"                     [id=17300, stack(0x000000733b900000,0x000000733ba00000) (1024K)]
  0x0000017f7985ccb0 WorkerThread "GC Thread#4"                     [id=120, stack(0x000000733ba00000,0x000000733bb00000) (1024K)]
  0x0000017f79866f00 WorkerThread "GC Thread#5"                     [id=12048, stack(0x000000733bb00000,0x000000733bc00000) (1024K)]
  0x0000017f1aaf53f0 ConcurrentGCThread "G1 Main Marker"            [id=9520, stack(0x0000007339c00000,0x0000007339d00000) (1024K)]
  0x0000017f1aaf6c80 WorkerThread "G1 Conc#0"                       [id=12196, stack(0x0000007339d00000,0x0000007339e00000) (1024K)]
  0x0000017f1ab4e9c0 ConcurrentGCThread "G1 Refine#0"               [id=15948, stack(0x0000007339e00000,0x0000007339f00000) (1024K)]
  0x0000017f32a93570 ConcurrentGCThread "G1 Service"                [id=5116, stack(0x0000007339f00000,0x000000733a000000) (1024K)]
Total: 12

Threads with active compile tasks:
C2 CompilerThread0  3524378 2443       4       java.io.ObjectInputStream::readClassDesc (121 bytes)
Total: 1

VM state: not at safepoint (normal execution)

VM Mutex/Monitor currently owned by a thread: None

Heap address: 0x0000000080000000, size: 2048 MB, Compressed Oops mode: 32-bit

CDS archive(s) mapped at: [0x0000017f33000000-0x0000017f34c00000-0x0000017f34c00000), size 29360128, SharedBaseAddress: 0x0000017f33000000, ArchiveRelocationMode: 1.
Compressed class space mapped at: 0x0000017f35000000-0x0000017f75000000, reserved size: 1073741824
Narrow klass base: 0x0000017f33000000, Narrow klass shift: 0, Narrow klass range: 0x100000000

GC Precious Log:
 CardTable entry size: 512
 Card Set container configuration: InlinePtr #cards 5 size 8 Array Of Cards #cards 12 size 40 Howl #buckets 4 coarsen threshold 1843 Howl Bitmap #cards 512 size 80 coarsen threshold 460 Card regions per heap region 1 cards per card region 2048
 CPUs: 6 total, 6 available
 Memory: 16247M
 Large Page Support: Disabled
 NUMA Support: Disabled
 Compressed Oops: Enabled (32-bit)
 Heap Region Size: 1M
 Heap Min Capacity: 128M
 Heap Initial Capacity: 128M
 Heap Max Capacity: 2G
 Pre-touch: Disabled
 Parallel Workers: 6
 Concurrent Workers: 2
 Concurrent Refinement Workers: 6
 Periodic GC: Disabled

Heap:
 garbage-first heap   total 131072K, used 17929K [0x0000000080000000, 0x0000000100000000)
  region size 1024K, 10 young (10240K), 2 survivors (2048K)
 Metaspace       used 8754K, committed 9152K, reserved 1114112K
  class space    used 1032K, committed 1216K, reserved 1048576K

Heap Regions: E=young(eden), S=young(survivor), O=old, HS=humongous(starts), HC=humongous(continues), CS=collection set, F=free, TAMS=top-at-mark-start, PB=parsable bottom
|   0|0x0000000080000000, 0x0000000080100000, 0x0000000080100000|100%|HS|  |TAMS 0x0000000080000000| PB 0x0000000080000000| Complete 
|   1|0x0000000080100000, 0x0000000080200000, 0x0000000080200000|100%|HC|  |TAMS 0x0000000080100000| PB 0x0000000080100000| Complete 
|   2|0x0000000080200000, 0x0000000080300000, 0x0000000080300000|100%|HS|  |TAMS 0x0000000080200000| PB 0x0000000080200000| Complete 
|   3|0x0000000080300000, 0x0000000080400000, 0x0000000080400000|100%|HS|  |TAMS 0x0000000080300000| PB 0x0000000080300000| Complete 
|   4|0x0000000080400000, 0x0000000080500000, 0x0000000080500000|100%| O|  |TAMS 0x0000000080400000| PB 0x0000000080400000| Untracked 
|   5|0x0000000080500000, 0x0000000080600000, 0x0000000080600000|100%| O|  |TAMS 0x0000000080500000| PB 0x0000000080500000| Untracked 
|   6|0x0000000080600000, 0x0000000080700000, 0x0000000080700000|100%| O|  |TAMS 0x0000000080600000| PB 0x0000000080600000| Untracked 
|   7|0x0000000080700000, 0x0000000080800000, 0x0000000080800000|100%| O|  |TAMS 0x0000000080700000| PB 0x0000000080700000| Untracked 
|   8|0x0000000080800000, 0x00000000808bc8f8, 0x0000000080900000| 73%| O|  |TAMS 0x0000000080800000| PB 0x0000000080800000| Untracked 
|   9|0x0000000080900000, 0x0000000080900000, 0x0000000080a00000|  0%| F|  |TAMS 0x0000000080900000| PB 0x0000000080900000| Untracked 
|  10|0x0000000080a00000, 0x0000000080a00000, 0x0000000080b00000|  0%| F|  |TAMS 0x0000000080a00000| PB 0x0000000080a00000| Untracked 
|  11|0x0000000080b00000, 0x0000000080b00000, 0x0000000080c00000|  0%| F|  |TAMS 0x0000000080b00000| PB 0x0000000080b00000| Untracked 
|  12|0x0000000080c00000, 0x0000000080c00000, 0x0000000080d00000|  0%| F|  |TAMS 0x0000000080c00000| PB 0x0000000080c00000| Untracked 
|  13|0x0000000080d00000, 0x0000000080d00000, 0x0000000080e00000|  0%| F|  |TAMS 0x0000000080d00000| PB 0x0000000080d00000| Untracked 
|  14|0x0000000080e00000, 0x0000000080e00000, 0x0000000080f00000|  0%| F|  |TAMS 0x0000000080e00000| PB 0x0000000080e00000| Untracked 
|  15|0x0000000080f00000, 0x0000000080f00000, 0x0000000081000000|  0%| F|  |TAMS 0x0000000080f00000| PB 0x0000000080f00000| Untracked 
|  16|0x0000000081000000, 0x0000000081000000, 0x0000000081100000|  0%| F|  |TAMS 0x0000000081000000| PB 0x0000000081000000| Untracked 
|  17|0x0000000081100000, 0x0000000081100000, 0x0000000081200000|  0%| F|  |TAMS 0x0000000081100000| PB 0x0000000081100000| Untracked 
|  18|0x0000000081200000, 0x0000000081200000, 0x0000000081300000|  0%| F|  |TAMS 0x0000000081200000| PB 0x0000000081200000| Untracked 
|  19|0x0000000081300000, 0x0000000081300000, 0x0000000081400000|  0%| F|  |TAMS 0x0000000081300000| PB 0x0000000081300000| Untracked 
|  20|0x0000000081400000, 0x0000000081400000, 0x0000000081500000|  0%| F|  |TAMS 0x0000000081400000| PB 0x0000000081400000| Untracked 
|  21|0x0000000081500000, 0x0000000081500000, 0x0000000081600000|  0%| F|  |TAMS 0x0000000081500000| PB 0x0000000081500000| Untracked 
|  22|0x0000000081600000, 0x0000000081600000, 0x0000000081700000|  0%| F|  |TAMS 0x0000000081600000| PB 0x0000000081600000| Untracked 
|  23|0x0000000081700000, 0x0000000081700000, 0x0000000081800000|  0%| F|  |TAMS 0x0000000081700000| PB 0x0000000081700000| Untracked 
|  24|0x0000000081800000, 0x0000000081800000, 0x0000000081900000|  0%| F|  |TAMS 0x0000000081800000| PB 0x0000000081800000| Untracked 
|  25|0x0000000081900000, 0x0000000081900000, 0x0000000081a00000|  0%| F|  |TAMS 0x0000000081900000| PB 0x0000000081900000| Untracked 
|  26|0x0000000081a00000, 0x0000000081a00000, 0x0000000081b00000|  0%| F|  |TAMS 0x0000000081a00000| PB 0x0000000081a00000| Untracked 
|  27|0x0000000081b00000, 0x0000000081b00000, 0x0000000081c00000|  0%| F|  |TAMS 0x0000000081b00000| PB 0x0000000081b00000| Untracked 
|  28|0x0000000081c00000, 0x0000000081c00000, 0x0000000081d00000|  0%| F|  |TAMS 0x0000000081c00000| PB 0x0000000081c00000| Untracked 
|  29|0x0000000081d00000, 0x0000000081d00000, 0x0000000081e00000|  0%| F|  |TAMS 0x0000000081d00000| PB 0x0000000081d00000| Untracked 
|  30|0x0000000081e00000, 0x0000000081e00000, 0x0000000081f00000|  0%| F|  |TAMS 0x0000000081e00000| PB 0x0000000081e00000| Untracked 
|  31|0x0000000081f00000, 0x0000000081f00000, 0x0000000082000000|  0%| F|  |TAMS 0x0000000081f00000| PB 0x0000000081f00000| Untracked 
|  32|0x0000000082000000, 0x0000000082000000, 0x0000000082100000|  0%| F|  |TAMS 0x0000000082000000| PB 0x0000000082000000| Untracked 
|  33|0x0000000082100000, 0x0000000082100000, 0x0000000082200000|  0%| F|  |TAMS 0x0000000082100000| PB 0x0000000082100000| Untracked 
|  34|0x0000000082200000, 0x0000000082200000, 0x0000000082300000|  0%| F|  |TAMS 0x0000000082200000| PB 0x0000000082200000| Untracked 
|  35|0x0000000082300000, 0x0000000082300000, 0x0000000082400000|  0%| F|  |TAMS 0x0000000082300000| PB 0x0000000082300000| Untracked 
|  36|0x0000000082400000, 0x0000000082400000, 0x0000000082500000|  0%| F|  |TAMS 0x0000000082400000| PB 0x0000000082400000| Untracked 
|  37|0x0000000082500000, 0x0000000082500000, 0x0000000082600000|  0%| F|  |TAMS 0x0000000082500000| PB 0x0000000082500000| Untracked 
|  38|0x0000000082600000, 0x0000000082600000, 0x0000000082700000|  0%| F|  |TAMS 0x0000000082600000| PB 0x0000000082600000| Untracked 
|  39|0x0000000082700000, 0x0000000082700000, 0x0000000082800000|  0%| F|  |TAMS 0x0000000082700000| PB 0x0000000082700000| Untracked 
|  40|0x0000000082800000, 0x0000000082800000, 0x0000000082900000|  0%| F|  |TAMS 0x0000000082800000| PB 0x0000000082800000| Untracked 
|  41|0x0000000082900000, 0x0000000082900000, 0x0000000082a00000|  0%| F|  |TAMS 0x0000000082900000| PB 0x0000000082900000| Untracked 
|  42|0x0000000082a00000, 0x0000000082a00000, 0x0000000082b00000|  0%| F|  |TAMS 0x0000000082a00000| PB 0x0000000082a00000| Untracked 
|  43|0x0000000082b00000, 0x0000000082b00000, 0x0000000082c00000|  0%| F|  |TAMS 0x0000000082b00000| PB 0x0000000082b00000| Untracked 
|  44|0x0000000082c00000, 0x0000000082c00000, 0x0000000082d00000|  0%| F|  |TAMS 0x0000000082c00000| PB 0x0000000082c00000| Untracked 
|  45|0x0000000082d00000, 0x0000000082d00000, 0x0000000082e00000|  0%| F|  |TAMS 0x0000000082d00000| PB 0x0000000082d00000| Untracked 
|  46|0x0000000082e00000, 0x0000000082e00000, 0x0000000082f00000|  0%| F|  |TAMS 0x0000000082e00000| PB 0x0000000082e00000| Untracked 
|  47|0x0000000082f00000, 0x0000000082f00000, 0x0000000083000000|  0%| F|  |TAMS 0x0000000082f00000| PB 0x0000000082f00000| Untracked 
|  48|0x0000000083000000, 0x0000000083000000, 0x0000000083100000|  0%| F|  |TAMS 0x0000000083000000| PB 0x0000000083000000| Untracked 
|  49|0x0000000083100000, 0x0000000083100000, 0x0000000083200000|  0%| F|  |TAMS 0x0000000083100000| PB 0x0000000083100000| Untracked 
|  50|0x0000000083200000, 0x0000000083200000, 0x0000000083300000|  0%| F|  |TAMS 0x0000000083200000| PB 0x0000000083200000| Untracked 
|  51|0x0000000083300000, 0x0000000083300000, 0x0000000083400000|  0%| F|  |TAMS 0x0000000083300000| PB 0x0000000083300000| Untracked 
|  52|0x0000000083400000, 0x0000000083400000, 0x0000000083500000|  0%| F|  |TAMS 0x0000000083400000| PB 0x0000000083400000| Untracked 
|  53|0x0000000083500000, 0x0000000083500000, 0x0000000083600000|  0%| F|  |TAMS 0x0000000083500000| PB 0x0000000083500000| Untracked 
|  54|0x0000000083600000, 0x0000000083600000, 0x0000000083700000|  0%| F|  |TAMS 0x0000000083600000| PB 0x0000000083600000| Untracked 
|  55|0x0000000083700000, 0x0000000083700000, 0x0000000083800000|  0%| F|  |TAMS 0x0000000083700000| PB 0x0000000083700000| Untracked 
|  56|0x0000000083800000, 0x0000000083800000, 0x0000000083900000|  0%| F|  |TAMS 0x0000000083800000| PB 0x0000000083800000| Untracked 
|  57|0x0000000083900000, 0x0000000083900000, 0x0000000083a00000|  0%| F|  |TAMS 0x0000000083900000| PB 0x0000000083900000| Untracked 
|  58|0x0000000083a00000, 0x0000000083a00000, 0x0000000083b00000|  0%| F|  |TAMS 0x0000000083a00000| PB 0x0000000083a00000| Untracked 
|  59|0x0000000083b00000, 0x0000000083b00000, 0x0000000083c00000|  0%| F|  |TAMS 0x0000000083b00000| PB 0x0000000083b00000| Untracked 
|  60|0x0000000083c00000, 0x0000000083c00000, 0x0000000083d00000|  0%| F|  |TAMS 0x0000000083c00000| PB 0x0000000083c00000| Untracked 
|  61|0x0000000083d00000, 0x0000000083d00000, 0x0000000083e00000|  0%| F|  |TAMS 0x0000000083d00000| PB 0x0000000083d00000| Untracked 
|  62|0x0000000083e00000, 0x0000000083e00000, 0x0000000083f00000|  0%| F|  |TAMS 0x0000000083e00000| PB 0x0000000083e00000| Untracked 
|  63|0x0000000083f00000, 0x0000000083f00000, 0x0000000084000000|  0%| F|  |TAMS 0x0000000083f00000| PB 0x0000000083f00000| Untracked 
|  64|0x0000000084000000, 0x0000000084000000, 0x0000000084100000|  0%| F|  |TAMS 0x0000000084000000| PB 0x0000000084000000| Untracked 
|  65|0x0000000084100000, 0x0000000084100000, 0x0000000084200000|  0%| F|  |TAMS 0x0000000084100000| PB 0x0000000084100000| Untracked 
|  66|0x0000000084200000, 0x0000000084200000, 0x0000000084300000|  0%| F|  |TAMS 0x0000000084200000| PB 0x0000000084200000| Untracked 
|  67|0x0000000084300000, 0x0000000084300000, 0x0000000084400000|  0%| F|  |TAMS 0x0000000084300000| PB 0x0000000084300000| Untracked 
|  68|0x0000000084400000, 0x0000000084400000, 0x0000000084500000|  0%| F|  |TAMS 0x0000000084400000| PB 0x0000000084400000| Untracked 
|  69|0x0000000084500000, 0x0000000084500000, 0x0000000084600000|  0%| F|  |TAMS 0x0000000084500000| PB 0x0000000084500000| Untracked 
|  70|0x0000000084600000, 0x0000000084600000, 0x0000000084700000|  0%| F|  |TAMS 0x0000000084600000| PB 0x0000000084600000| Untracked 
|  71|0x0000000084700000, 0x0000000084700000, 0x0000000084800000|  0%| F|  |TAMS 0x0000000084700000| PB 0x0000000084700000| Untracked 
|  72|0x0000000084800000, 0x0000000084800000, 0x0000000084900000|  0%| F|  |TAMS 0x0000000084800000| PB 0x0000000084800000| Untracked 
|  73|0x0000000084900000, 0x0000000084900000, 0x0000000084a00000|  0%| F|  |TAMS 0x0000000084900000| PB 0x0000000084900000| Untracked 
|  74|0x0000000084a00000, 0x0000000084a00000, 0x0000000084b00000|  0%| F|  |TAMS 0x0000000084a00000| PB 0x0000000084a00000| Untracked 
|  75|0x0000000084b00000, 0x0000000084b00000, 0x0000000084c00000|  0%| F|  |TAMS 0x0000000084b00000| PB 0x0000000084b00000| Untracked 
|  76|0x0000000084c00000, 0x0000000084c00000, 0x0000000084d00000|  0%| F|  |TAMS 0x0000000084c00000| PB 0x0000000084c00000| Untracked 
|  77|0x0000000084d00000, 0x0000000084d00000, 0x0000000084e00000|  0%| F|  |TAMS 0x0000000084d00000| PB 0x0000000084d00000| Untracked 
|  78|0x0000000084e00000, 0x0000000084e00000, 0x0000000084f00000|  0%| F|  |TAMS 0x0000000084e00000| PB 0x0000000084e00000| Untracked 
|  79|0x0000000084f00000, 0x0000000084f00000, 0x0000000085000000|  0%| F|  |TAMS 0x0000000084f00000| PB 0x0000000084f00000| Untracked 
|  80|0x0000000085000000, 0x0000000085000000, 0x0000000085100000|  0%| F|  |TAMS 0x0000000085000000| PB 0x0000000085000000| Untracked 
|  81|0x0000000085100000, 0x0000000085100000, 0x0000000085200000|  0%| F|  |TAMS 0x0000000085100000| PB 0x0000000085100000| Untracked 
|  82|0x0000000085200000, 0x0000000085200000, 0x0000000085300000|  0%| F|  |TAMS 0x0000000085200000| PB 0x0000000085200000| Untracked 
|  83|0x0000000085300000, 0x0000000085300000, 0x0000000085400000|  0%| F|  |TAMS 0x0000000085300000| PB 0x0000000085300000| Untracked 
|  84|0x0000000085400000, 0x0000000085400000, 0x0000000085500000|  0%| F|  |TAMS 0x0000000085400000| PB 0x0000000085400000| Untracked 
|  85|0x0000000085500000, 0x0000000085500000, 0x0000000085600000|  0%| F|  |TAMS 0x0000000085500000| PB 0x0000000085500000| Untracked 
|  86|0x0000000085600000, 0x0000000085600000, 0x0000000085700000|  0%| F|  |TAMS 0x0000000085600000| PB 0x0000000085600000| Untracked 
|  87|0x0000000085700000, 0x0000000085700000, 0x0000000085800000|  0%| F|  |TAMS 0x0000000085700000| PB 0x0000000085700000| Untracked 
|  88|0x0000000085800000, 0x0000000085800000, 0x0000000085900000|  0%| F|  |TAMS 0x0000000085800000| PB 0x0000000085800000| Untracked 
|  89|0x0000000085900000, 0x0000000085900000, 0x0000000085a00000|  0%| F|  |TAMS 0x0000000085900000| PB 0x0000000085900000| Untracked 
|  90|0x0000000085a00000, 0x0000000085a00000, 0x0000000085b00000|  0%| F|  |TAMS 0x0000000085a00000| PB 0x0000000085a00000| Untracked 
|  91|0x0000000085b00000, 0x0000000085b00000, 0x0000000085c00000|  0%| F|  |TAMS 0x0000000085b00000| PB 0x0000000085b00000| Untracked 
|  92|0x0000000085c00000, 0x0000000085c00000, 0x0000000085d00000|  0%| F|  |TAMS 0x0000000085c00000| PB 0x0000000085c00000| Untracked 
|  93|0x0000000085d00000, 0x0000000085d00000, 0x0000000085e00000|  0%| F|  |TAMS 0x0000000085d00000| PB 0x0000000085d00000| Untracked 
|  94|0x0000000085e00000, 0x0000000085e00000, 0x0000000085f00000|  0%| F|  |TAMS 0x0000000085e00000| PB 0x0000000085e00000| Untracked 
|  95|0x0000000085f00000, 0x0000000085f00000, 0x0000000086000000|  0%| F|  |TAMS 0x0000000085f00000| PB 0x0000000085f00000| Untracked 
|  96|0x0000000086000000, 0x0000000086000000, 0x0000000086100000|  0%| F|  |TAMS 0x0000000086000000| PB 0x0000000086000000| Untracked 
|  97|0x0000000086100000, 0x00000000861c5d50, 0x0000000086200000| 77%| S|CS|TAMS 0x0000000086100000| PB 0x0000000086100000| Complete 
|  98|0x0000000086200000, 0x0000000086300000, 0x0000000086300000|100%| S|CS|TAMS 0x0000000086200000| PB 0x0000000086200000| Complete 
|  99|0x0000000086300000, 0x0000000086300000, 0x0000000086400000|  0%| F|  |TAMS 0x0000000086300000| PB 0x0000000086300000| Untracked 
| 100|0x0000000086400000, 0x0000000086400000, 0x0000000086500000|  0%| F|  |TAMS 0x0000000086400000| PB 0x0000000086400000| Untracked 
| 101|0x0000000086500000, 0x0000000086500000, 0x0000000086600000|  0%| F|  |TAMS 0x0000000086500000| PB 0x0000000086500000| Untracked 
| 102|0x0000000086600000, 0x0000000086600000, 0x0000000086700000|  0%| F|  |TAMS 0x0000000086600000| PB 0x0000000086600000| Untracked 
| 103|0x0000000086700000, 0x0000000086700000, 0x0000000086800000|  0%| F|  |TAMS 0x0000000086700000| PB 0x0000000086700000| Untracked 
| 104|0x0000000086800000, 0x0000000086800000, 0x0000000086900000|  0%| F|  |TAMS 0x0000000086800000| PB 0x0000000086800000| Untracked 
| 105|0x0000000086900000, 0x0000000086900000, 0x0000000086a00000|  0%| F|  |TAMS 0x0000000086900000| PB 0x0000000086900000| Untracked 
| 106|0x0000000086a00000, 0x0000000086a00000, 0x0000000086b00000|  0%| F|  |TAMS 0x0000000086a00000| PB 0x0000000086a00000| Untracked 
| 107|0x0000000086b00000, 0x0000000086b00000, 0x0000000086c00000|  0%| F|  |TAMS 0x0000000086b00000| PB 0x0000000086b00000| Untracked 
| 108|0x0000000086c00000, 0x0000000086c00000, 0x0000000086d00000|  0%| F|  |TAMS 0x0000000086c00000| PB 0x0000000086c00000| Untracked 
| 109|0x0000000086d00000, 0x0000000086d00000, 0x0000000086e00000|  0%| F|  |TAMS 0x0000000086d00000| PB 0x0000000086d00000| Untracked 
| 110|0x0000000086e00000, 0x0000000086e00000, 0x0000000086f00000|  0%| F|  |TAMS 0x0000000086e00000| PB 0x0000000086e00000| Untracked 
| 111|0x0000000086f00000, 0x0000000086f00000, 0x0000000087000000|  0%| F|  |TAMS 0x0000000086f00000| PB 0x0000000086f00000| Untracked 
| 112|0x0000000087000000, 0x0000000087000000, 0x0000000087100000|  0%| F|  |TAMS 0x0000000087000000| PB 0x0000000087000000| Untracked 
| 113|0x0000000087100000, 0x0000000087100000, 0x0000000087200000|  0%| F|  |TAMS 0x0000000087100000| PB 0x0000000087100000| Untracked 
| 114|0x0000000087200000, 0x0000000087200000, 0x0000000087300000|  0%| F|  |TAMS 0x0000000087200000| PB 0x0000000087200000| Untracked 
| 115|0x0000000087300000, 0x0000000087300000, 0x0000000087400000|  0%| F|  |TAMS 0x0000000087300000| PB 0x0000000087300000| Untracked 
| 116|0x0000000087400000, 0x0000000087400000, 0x0000000087500000|  0%| F|  |TAMS 0x0000000087400000| PB 0x0000000087400000| Untracked 
| 117|0x0000000087500000, 0x0000000087500000, 0x0000000087600000|  0%| F|  |TAMS 0x0000000087500000| PB 0x0000000087500000| Untracked 
| 118|0x0000000087600000, 0x0000000087600000, 0x0000000087700000|  0%| F|  |TAMS 0x0000000087600000| PB 0x0000000087600000| Untracked 
| 119|0x0000000087700000, 0x0000000087700000, 0x0000000087800000|  0%| F|  |TAMS 0x0000000087700000| PB 0x0000000087700000| Untracked 
| 120|0x0000000087800000, 0x00000000878db118, 0x0000000087900000| 85%| E|  |TAMS 0x0000000087800000| PB 0x0000000087800000| Complete 
| 121|0x0000000087900000, 0x0000000087a00000, 0x0000000087a00000|100%| E|CS|TAMS 0x0000000087900000| PB 0x0000000087900000| Complete 
| 122|0x0000000087a00000, 0x0000000087b00000, 0x0000000087b00000|100%| E|CS|TAMS 0x0000000087a00000| PB 0x0000000087a00000| Complete 
| 123|0x0000000087b00000, 0x0000000087c00000, 0x0000000087c00000|100%| E|CS|TAMS 0x0000000087b00000| PB 0x0000000087b00000| Complete 
| 124|0x0000000087c00000, 0x0000000087d00000, 0x0000000087d00000|100%| E|CS|TAMS 0x0000000087c00000| PB 0x0000000087c00000| Complete 
| 125|0x0000000087d00000, 0x0000000087e00000, 0x0000000087e00000|100%| E|CS|TAMS 0x0000000087d00000| PB 0x0000000087d00000| Complete 
| 126|0x0000000087e00000, 0x0000000087f00000, 0x0000000087f00000|100%| E|CS|TAMS 0x0000000087e00000| PB 0x0000000087e00000| Complete 
| 127|0x0000000087f00000, 0x0000000088000000, 0x0000000088000000|100%| E|CS|TAMS 0x0000000087f00000| PB 0x0000000087f00000| Complete 

Card table byte_map: [0x0000017f2dfe0000,0x0000017f2e3e0000] _byte_map_base: 0x0000017f2dbe0000

Marking Bits: (CMBitMap*) 0x0000017f1aae4b10
 Bits: [0x0000017f2e3e0000, 0x0000017f303e0000)

Polling page: 0x0000017f18a80000

Metaspace:

Usage:
  Non-class:      7.54 MB used.
      Class:      1.01 MB used.
       Both:      8.55 MB used.

Virtual space:
  Non-class space:       64.00 MB reserved,       7.75 MB ( 12%) committed,  1 nodes.
      Class space:        1.00 GB reserved,       1.19 MB ( <1%) committed,  1 nodes.
             Both:        1.06 GB reserved,       8.94 MB ( <1%) committed. 

Chunk freelists:
   Non-Class:  7.03 MB
       Class:  14.82 MB
        Both:  21.85 MB

MaxMetaspaceSize: unlimited
CompressedClassSpaceSize: 1.00 GB
Initial GC threshold: 21.00 MB
Current GC threshold: 21.00 MB
CDS: on
 - commit_granule_bytes: 65536.
 - commit_granule_words: 8192.
 - virtual_space_node_default_size: 8388608.
 - enlarge_chunks_in_place: 1.
 - use_allocation_guard: 0.


Internal statistics:

num_allocs_failed_limit: 0.
num_arena_births: 526.
num_arena_deaths: 0.
num_vsnodes_births: 2.
num_vsnodes_deaths: 0.
num_space_committed: 143.
num_space_uncommitted: 0.
num_chunks_returned_to_freelist: 0.
num_chunks_taken_from_freelist: 888.
num_chunk_merges: 0.
num_chunk_splits: 558.
num_chunks_enlarged: 287.
num_inconsistent_stats: 0.

CodeHeap 'non-profiled nmethods': size=120000Kb used=1099Kb max_used=1099Kb free=118900Kb
 bounds [0x0000017f265a0000, 0x0000017f26810000, 0x0000017f2dad0000]
CodeHeap 'profiled nmethods': size=120000Kb used=4782Kb max_used=4782Kb free=115218Kb
 bounds [0x0000017f1ead0000, 0x0000017f1ef80000, 0x0000017f26000000]
CodeHeap 'non-nmethods': size=5760Kb used=1456Kb max_used=1536Kb free=4303Kb
 bounds [0x0000017f26000000, 0x0000017f26270000, 0x0000017f265a0000]
CodeCache: size=245760Kb, used=7337Kb, max_used=7417Kb, free=238421Kb
 total_blobs=2978, nmethods=2442, adapters=440, full_count=0
Compilation: enabled, stopped_count=0, restarted_count=0

Compilation events (20 events):
Event: 3317.970 Thread 0x0000017f32c0ce30 nmethod 2433 0x0000017f2669df10 code [0x0000017f2669e0a0, 0x0000017f2669e218]
Event: 3343.324 Thread 0x0000017f32c0ce30 2434       4       java.io.ObjectInputStream$HandleTable::markDependency (175 bytes)
Event: 3343.325 Thread 0x0000017f32c0ce30 nmethod 2434 0x0000017f2669e290 code [0x0000017f2669e420, 0x0000017f2669e5b0]
Event: 3432.229 Thread 0x0000017f32c0da00 2435   !   3       sun.rmi.registry.RegistryImpl::lookup (43 bytes)
Event: 3432.229 Thread 0x0000017f32c0da00 nmethod 2435 0x0000017f1ef77510 code [0x0000017f1ef77700, 0x0000017f1ef77c00]
Event: 3432.230 Thread 0x0000017f32c0ce30 2436   !   4       java.io.ObjectOutputStream::writeObject0 (620 bytes)
Event: 3432.514 Thread 0x0000017f32c0ce30 nmethod 2436 0x0000017f2669e710 code [0x0000017f2669f120, 0x0000017f266a87b0]
Event: 3450.237 Thread 0x0000017f32c0da00 2437       3       java.lang.invoke.LambdaForm$MH/0x0000017f3512a800::invoke (60 bytes)
Event: 3450.239 Thread 0x0000017f32c0da00 nmethod 2437 0x0000017f1ef77e90 code [0x0000017f1ef78120, 0x0000017f1ef78dc0]
Event: 3486.250 Thread 0x0000017f32c0ce30 2438   !   4       java.io.ObjectInputStream$BlockDataInputStream::refill (136 bytes)
Event: 3486.293 Thread 0x0000017f32c0ce30 nmethod 2438 0x0000017f266ae890 code [0x0000017f266aec60, 0x0000017f266b0a70]
Event: 3486.293 Thread 0x0000017f32c0ce30 2439       4       java.io.ObjectOutputStream$BlockDataOutputStream::writeLong (48 bytes)
Event: 3486.294 Thread 0x0000017f32c0ce30 nmethod 2439 0x0000017f266b1f90 code [0x0000017f266b2120, 0x0000017f266b2258]
Event: 3505.729 Thread 0x0000017f32c0ce30 2440       4       java.rmi.server.UID::equals (54 bytes)
Event: 3505.730 Thread 0x0000017f32c0ce30 nmethod 2440 0x0000017f266b2410 code [0x0000017f266b25a0, 0x0000017f266b26f0]
Event: 3513.259 Thread 0x0000017f32c0da00 2441   !   3       java.io.ObjectOutputStream::writeArray (589 bytes)
Event: 3513.261 Thread 0x0000017f32c0da00 nmethod 2441 0x0000017f1ef79190 code [0x0000017f1ef795e0, 0x0000017f1ef7ae80]
Event: 3522.262 Thread 0x0000017f32c0ce30 2442       4       java.io.DataOutputStream::<init> (19 bytes)
Event: 3522.269 Thread 0x0000017f32c0ce30 nmethod 2442 0x0000017f266b2810 code [0x0000017f266b29c0, 0x0000017f266b2e50]
Event: 3524.209 Thread 0x0000017f32c0ce30 2443       4       java.io.ObjectInputStream::readClassDesc (121 bytes)

GC Heap History (4 events):
Event: 0.434 GC heap before
{Heap before GC invocations=0 (full 0):
 garbage-first heap   total 131072K, used 24576K [0x0000000080000000, 0x0000000100000000)
  region size 1024K, 21 young (21504K), 0 survivors (0K)
 Metaspace       used 4554K, committed 4992K, reserved 1114112K
  class space    used 641K, committed 832K, reserved 1048576K
}
Event: 0.438 GC heap after
{Heap after GC invocations=1 (full 0):
 garbage-first heap   total 131072K, used 8945K [0x0000000080000000, 0x0000000100000000)
  region size 1024K, 3 young (3072K), 3 survivors (3072K)
 Metaspace       used 4554K, committed 4992K, reserved 1114112K
  class space    used 641K, committed 832K, reserved 1048576K
}
Event: 2927.613 GC heap before
{Heap before GC invocations=1 (full 0):
 garbage-first heap   total 131072K, used 34545K [0x0000000080000000, 0x0000000100000000)
  region size 1024K, 29 young (29696K), 3 survivors (3072K)
 Metaspace       used 8704K, committed 9152K, reserved 1114112K
  class space    used 1029K, committed 1216K, reserved 1048576K
}
Event: 2927.647 GC heap after
{Heap after GC invocations=2 (full 0):
 garbage-first heap   total 131072K, used 10761K [0x0000000080000000, 0x0000000100000000)
  region size 1024K, 2 young (2048K), 2 survivors (2048K)
 Metaspace       used 8704K, committed 9152K, reserved 1114112K
  class space    used 1029K, committed 1216K, reserved 1048576K
}

Dll operation events (2 events):
Event: 0.008 Loaded shared library C:\Program Files\JetBrains\IntelliJ IDEA 2025.2.2\jbr\bin\java.dll
Event: 0.079 Loaded shared library C:\Program Files\JetBrains\IntelliJ IDEA 2025.2.2\jbr\bin\zip.dll

Deoptimization events (20 events):
Event: 0.636 Thread 0x0000017f7954c610 DEOPT PACKING pc=0x0000017f266370d0 sp=0x000000733b4fe400
Event: 0.636 Thread 0x0000017f7954c610 DEOPT UNPACKING pc=0x0000017f260546a2 sp=0x000000733b4fe3b0 mode 2
Event: 0.769 Thread 0x0000017f7954c610 Uncommon trap: trap_request=0xffffff45 fr.pc=0x0000017f265a9984 relative=0x0000000000000164
Event: 0.769 Thread 0x0000017f7954c610 Uncommon trap: reason=unstable_if action=reinterpret pc=0x0000017f265a9984 method=java.lang.StringCoding.countPositives([BII)I @ 17 c2
Event: 0.769 Thread 0x0000017f7954c610 DEOPT PACKING pc=0x0000017f265a9984 sp=0x000000733b4fe090
Event: 0.769 Thread 0x0000017f7954c610 DEOPT UNPACKING pc=0x0000017f260546a2 sp=0x000000733b4fe018 mode 2
Event: 37.782 Thread 0x0000017f7954c610 Uncommon trap: trap_request=0xffffff6e fr.pc=0x0000017f266291f4 relative=0x0000000000000434
Event: 37.782 Thread 0x0000017f7954c610 Uncommon trap: reason=loop_limit_check action=maybe_recompile pc=0x0000017f266291f4 method=java.lang.StringLatin1.indexOf([BI[BII)I @ 37 c2
Event: 37.782 Thread 0x0000017f7954c610 DEOPT PACKING pc=0x0000017f266291f4 sp=0x000000733b4fe3e0
Event: 37.782 Thread 0x0000017f7954c610 DEOPT UNPACKING pc=0x0000017f260546a2 sp=0x000000733b4fe368 mode 2
Event: 37.834 Thread 0x0000017f7954c610 DEOPT PACKING pc=0x0000017f1ee5b8c9 sp=0x000000733b4fe250
Event: 37.834 Thread 0x0000017f7954c610 DEOPT UNPACKING pc=0x0000017f26054e42 sp=0x000000733b4fd6c0 mode 0
Event: 300.392 Thread 0x0000017f79534ce0 Uncommon trap: trap_request=0xffffff45 fr.pc=0x0000017f26661918 relative=0x0000000000000158
Event: 300.392 Thread 0x0000017f79534ce0 Uncommon trap: reason=unstable_if action=reinterpret pc=0x0000017f26661918 method=java.lang.ThreadLocal.get(Ljava/lang/Thread;)Ljava/lang/Object; @ 7 c2
Event: 300.392 Thread 0x0000017f79534ce0 DEOPT PACKING pc=0x0000017f26661918 sp=0x000000733b6feaa0
Event: 300.393 Thread 0x0000017f79534ce0 DEOPT UNPACKING pc=0x0000017f260546a2 sp=0x000000733b6fea38 mode 2
Event: 2954.430 Thread 0x0000017f7954c610 Uncommon trap: trap_request=0xffffff45 fr.pc=0x0000017f2666ee5c relative=0x000000000000095c
Event: 2954.430 Thread 0x0000017f7954c610 Uncommon trap: reason=unstable_if action=reinterpret pc=0x0000017f2666ee5c method=java.io.ObjectInputStream$BlockDataInputStream.readUTFSpan(Ljava/lang/StringBuilder;J)J @ 88 c2
Event: 2954.430 Thread 0x0000017f7954c610 DEOPT PACKING pc=0x0000017f2666ee5c sp=0x000000733b4fe5b0
Event: 2954.430 Thread 0x0000017f7954c610 DEOPT UNPACKING pc=0x0000017f260546a2 sp=0x000000733b4fe568 mode 2

Classes loaded (20 events):
Event: 0.468 Loading class java/net/URLClassLoader$3$1
Event: 0.468 Loading class java/net/URLClassLoader$3$1 done
Event: 0.522 Loading class javax/net/DefaultSocketFactory
Event: 0.522 Loading class javax/net/DefaultSocketFactory done
Event: 0.542 Loading class jdk/internal/icu/text/NormalizerBase$NFCModeImpl
Event: 0.542 Loading class jdk/internal/icu/text/NormalizerBase$NFCModeImpl done
Event: 0.542 Loading class jdk/internal/icu/impl/Norm2AllModes$NFCSingleton
Event: 0.542 Loading class jdk/internal/icu/impl/Norm2AllModes$NFCSingleton done
Event: 0.543 Loading class java/util/regex/Pattern$NFCCharProperty
Event: 0.543 Loading class java/util/regex/Pattern$NFCCharProperty done
Event: 0.596 Loading class java/lang/invoke/BoundMethodHandle$Species_LI
Event: 0.596 Loading class java/lang/invoke/BoundMethodHandle$Species_LI done
Event: 0.769 Loading class java/math/MathContext
Event: 0.769 Loading class java/math/MathContext done
Event: 0.771 Loading class java/math/BigDecimal$UnsafeHolder
Event: 0.771 Loading class java/math/BigDecimal$UnsafeHolder done
Event: 0.771 Loading class java/io/ObjectOutputStream$PutFieldImpl
Event: 0.772 Loading class java/io/ObjectOutputStream$PutField
Event: 0.772 Loading class java/io/ObjectOutputStream$PutField done
Event: 0.772 Loading class java/io/ObjectOutputStream$PutFieldImpl done

Classes unloaded (0 events):
No events

Classes redefined (0 events):
No events

Internal exceptions (20 events):
Event: 0.409 Thread 0x0000017f7954c610 Exception <a 'java/lang/NoSuchMethodError'{0x0000000086c93740}: 'java.lang.Object java.lang.invoke.Invokers$Holder.invokeExact_MT(java.lang.Object, java.lang.Object, java.lang.Object, java.lang.Object, java.lang.Object, java.lang.Object)'> (0x0000000086c93740) 
thrown [s\src\hotspot\share\interpreter\linkResolver.cpp, line 784]
Event: 0.475 Thread 0x0000017f7954c610 Exception <a 'java/lang/NoSuchMethodError'{0x0000000087d69a58}: 'void java.lang.invoke.Invokers$Holder.invokeExact_MT(java.lang.Object, java.lang.Object, java.lang.Object, java.lang.Object)'> (0x0000000087d69a58) 
thrown [s\src\hotspot\share\interpreter\linkResolver.cpp, line 784]
Event: 0.478 Thread 0x0000017f7954c610 Exception <a 'java/lang/NoSuchMethodError'{0x0000000087da0458}: 'void java.lang.invoke.DelegatingMethodHandle$Holder.reinvoke_L(java.lang.Object, java.lang.Object, int)'> (0x0000000087da0458) 
thrown [s\src\hotspot\share\interpreter\linkResolver.cpp, line 784]
Event: 0.478 Thread 0x0000017f7954c610 Exception <a 'java/lang/NoSuchMethodError'{0x0000000087da6da8}: 'int java.lang.invoke.Invokers$Holder.invokeExact_MT(java.lang.Object, java.lang.Object, java.lang.Object)'> (0x0000000087da6da8) 
thrown [s\src\hotspot\share\interpreter\linkResolver.cpp, line 784]
Event: 0.518 Thread 0x0000017f7954c610 Exception <a 'java/lang/NoSuchMethodError'{0x0000000087a5a8a0}: 'java.lang.Object java.lang.invoke.DirectMethodHandle$Holder.newInvokeSpecial(java.lang.Object, java.lang.Object, java.lang.Object, java.lang.Object, int)'> (0x0000000087a5a8a0) 
thrown [s\src\hotspot\share\interpreter\linkResolver.cpp, line 784]
Event: 0.562 Thread 0x0000017f7954c610 Exception <a 'java/lang/NoSuchMethodError'{0x0000000087749748}: 'void java.lang.invoke.DirectMethodHandle$Holder.invokeInterface(java.lang.Object, java.lang.Object, java.lang.Object, java.lang.Object)'> (0x0000000087749748) 
thrown [s\src\hotspot\share\interpreter\linkResolver.cpp, line 784]
Event: 0.562 Thread 0x0000017f7954c610 Exception <a 'java/lang/NoSuchMethodError'{0x000000008774d668}: 'void java.lang.invoke.DirectMethodHandle$Holder.invokeSpecial(java.lang.Object, java.lang.Object, java.lang.Object, java.lang.Object, java.lang.Object)'> (0x000000008774d668) 
thrown [s\src\hotspot\share\interpreter\linkResolver.cpp, line 784]
Event: 0.563 Thread 0x0000017f7954c610 Exception <a 'java/lang/NoSuchMethodError'{0x000000008775b978}: 'java.lang.Object java.lang.invoke.Invokers$Holder.invokeExact_MT(java.lang.Object, java.lang.Object, java.lang.Object, java.lang.Object, java.lang.Object)'> (0x000000008775b978) 
thrown [s\src\hotspot\share\interpreter\linkResolver.cpp, line 784]
Event: 0.596 Thread 0x0000017f7954c610 Exception <a 'java/lang/NoSuchMethodError'{0x00000000876f77c0}: 'int java.lang.invoke.DirectMethodHandle$Holder.invokeInterface(java.lang.Object, java.lang.Object, int)'> (0x00000000876f77c0) 
thrown [s\src\hotspot\share\interpreter\linkResolver.cpp, line 784]
Event: 0.596 Thread 0x0000017f7954c610 Exception <a 'java/lang/NoSuchMethodError'{0x00000000876fb870}: 'int java.lang.invoke.DirectMethodHandle$Holder.invokeSpecial(java.lang.Object, java.lang.Object, java.lang.Object, int)'> (0x00000000876fb870) 
thrown [s\src\hotspot\share\interpreter\linkResolver.cpp, line 784]
Event: 0.597 Thread 0x0000017f7954c610 Exception <a 'java/lang/NoSuchMethodError'{0x000000008750d980}: 'java.lang.Object java.lang.invoke.DirectMethodHandle$Holder.invokeStatic(java.lang.Object, java.lang.Object, java.lang.Object, java.lang.Object, int)'> (0x000000008750d980) 
thrown [s\src\hotspot\share\interpreter\linkResolver.cpp, line 784]
Event: 0.607 Thread 0x0000017f7954c610 Exception <a 'java/lang/NoSuchMethodError'{0x000000008753d340}: 'void java.lang.invoke.DirectMethodHandle$Holder.invokeInterface(java.lang.Object, java.lang.Object, int)'> (0x000000008753d340) 
thrown [s\src\hotspot\share\interpreter\linkResolver.cpp, line 784]
Event: 0.646 Thread 0x0000017f7954c610 Exception <a 'java/lang/NoSuchMethodError'{0x00000000874a5c58}: static Lcom/intellij/database/remote/jdbc/ColumnInfo;.<clinit>()V> (0x00000000874a5c58) 
thrown [s\src\hotspot\share\prims\jni.cpp, line 1144]
Event: 0.647 Thread 0x0000017f7954c610 Exception <a 'java/lang/NoSuchMethodError'{0x00000000874af390}: 'java.lang.Object java.lang.invoke.DelegatingMethodHandle$Holder.reinvoke_L(java.lang.Object, java.lang.Object, java.lang.Object, java.lang.Object, int, int)'> (0x00000000874af390) 
thrown [s\src\hotspot\share\interpreter\linkResolver.cpp, line 784]
Event: 0.724 Thread 0x0000017f7954c610 Exception <a 'java/lang/NoSuchMethodError'{0x00000000872a0950}: 'java.lang.Object java.lang.invoke.DirectMethodHandle$Holder.invokeInterface(java.lang.Object, java.lang.Object, int)'> (0x00000000872a0950) 
thrown [s\src\hotspot\share\interpreter\linkResolver.cpp, line 784]
Event: 0.765 Thread 0x0000017f7954c610 Exception <a 'java/lang/NoSuchMethodError'{0x00000000871b6888}: 'int java.lang.invoke.DirectMethodHandle$Holder.invokeInterface(java.lang.Object, java.lang.Object, int, int)'> (0x00000000871b6888) 
thrown [s\src\hotspot\share\interpreter\linkResolver.cpp, line 784]
Event: 0.767 Thread 0x0000017f7954c610 Exception <a 'java/lang/NoSuchMethodError'{0x00000000871d18b0}: static Lcom/intellij/database/remote/jdbc/RemoteResultSet$DataRetrievingOptions;.<clinit>()V> (0x00000000871d18b0) 
thrown [s\src\hotspot\share\prims\jni.cpp, line 1144]
Event: 0.769 Thread 0x0000017f7954c610 Exception <a 'java/lang/NoSuchMethodError'{0x00000000871e0358}: static [Ljava/lang/Object;.<clinit>()V> (0x00000000871e0358) 
thrown [s\src\hotspot\share\prims\jni.cpp, line 1144]
Event: 0.770 Thread 0x0000017f7954c610 Exception <a 'java/lang/NoSuchMethodError'{0x00000000871e8d30}: static Lcom/intellij/database/remote/jdbc/impl/UnparsedValue;.<clinit>()V> (0x00000000871e8d30) 
thrown [s\src\hotspot\share\prims\jni.cpp, line 1144]
Event: 300.392 Thread 0x0000017f79534ce0 Implicit null exception at 0x0000017f2666181c to 0x0000017f266618fc

ZGC Phase Switch (0 events):
No events

VM Operations (20 events):
Event: 2774.846 Executing VM operation: Cleanup
Event: 2774.846 Executing VM operation: Cleanup done
Event: 2927.613 Executing VM operation: G1CollectForAllocation (G1 Evacuation Pause)
Event: 2927.647 Executing VM operation: G1CollectForAllocation (G1 Evacuation Pause) done
Event: 2929.647 Executing VM operation: Cleanup
Event: 2929.647 Executing VM operation: Cleanup done
Event: 2946.553 Executing VM operation: HandshakeAllThreads (HandshakeForDeflation)
Event: 2946.553 Executing VM operation: HandshakeAllThreads (HandshakeForDeflation) done
Event: 2946.553 Executing VM operation: RendezvousGCThreads
Event: 2946.553 Executing VM operation: RendezvousGCThreads done
Event: 2954.557 Executing VM operation: Cleanup
Event: 2954.558 Executing VM operation: Cleanup done
Event: 2955.558 Executing VM operation: Cleanup
Event: 2955.558 Executing VM operation: Cleanup done
Event: 2987.738 Executing VM operation: Cleanup
Event: 2987.738 Executing VM operation: Cleanup done
Event: 3006.676 Executing VM operation: HandshakeAllThreads (HandshakeForDeflation)
Event: 3006.676 Executing VM operation: HandshakeAllThreads (HandshakeForDeflation) done
Event: 3006.676 Executing VM operation: RendezvousGCThreads
Event: 3006.676 Executing VM operation: RendezvousGCThreads done

Memory protections (0 events):
No events

Nmethod flushes (0 events):
No events

Events (20 events):
Event: 2933.364 Thread 0x0000017f79534650 Thread exited: 0x0000017f79534650
Event: 2933.364 Thread 0x0000017f79532c10 Thread exited: 0x0000017f79532c10
Event: 2968.737 Thread 0x0000017f7954c610 Thread added: 0x0000017f79534650
Event: 2968.737 Thread 0x0000017f7954c610 Thread added: 0x0000017f79533930
Event: 2968.737 Thread 0x0000017f7954c610 Thread added: 0x0000017f79532580
Event: 2968.737 Thread 0x0000017f7954c610 Thread added: 0x0000017f79532c10
Event: 2968.737 Thread 0x0000017f7954c610 Thread added: 0x0000017f795332a0
Event: 2968.737 Thread 0x0000017f7954c610 Thread added: 0x0000017f79533fc0
Event: 2968.737 Thread 0x0000017f7954c610 Thread added: 0x0000017f795a5750
Event: 2968.737 Thread 0x0000017f7954c610 Thread added: 0x0000017f795a43a0
Event: 2968.737 Thread 0x0000017f7954c610 Thread added: 0x0000017f795a22d0
Event: 2968.737 Thread 0x0000017f79533930 Thread exited: 0x0000017f79533930
Event: 2968.737 Thread 0x0000017f79534650 Thread exited: 0x0000017f79534650
Event: 2968.737 Thread 0x0000017f795332a0 Thread exited: 0x0000017f795332a0
Event: 2968.738 Thread 0x0000017f79533fc0 Thread exited: 0x0000017f79533fc0
Event: 2968.738 Thread 0x0000017f79532c10 Thread exited: 0x0000017f79532c10
Event: 2968.738 Thread 0x0000017f79532580 Thread exited: 0x0000017f79532580
Event: 2968.738 Thread 0x0000017f795a43a0 Thread exited: 0x0000017f795a43a0
Event: 2968.738 Thread 0x0000017f795a22d0 Thread exited: 0x0000017f795a22d0
Event: 2968.738 Thread 0x0000017f795a5750 Thread exited: 0x0000017f795a5750


Dynamic libraries:
0x00007ff637c50000 - 0x00007ff637c5a000 	C:\Program Files\JetBrains\IntelliJ IDEA 2025.2.2\jbr\bin\java.exe
0x00007ffb21440000 - 0x00007ffb216a8000 	C:\WINDOWS\SYSTEM32\ntdll.dll
0x00007ffb203f0000 - 0x00007ffb204b9000 	C:\WINDOWS\System32\KERNEL32.DLL
0x00007ffb1e590000 - 0x00007ffb1e988000 	C:\WINDOWS\System32\KERNELBASE.dll
0x00007ffb1ebe0000 - 0x00007ffb1ed2b000 	C:\WINDOWS\System32\ucrtbase.dll
0x00007ffb1b5b0000 - 0x00007ffb1b5cb000 	C:\Program Files\JetBrains\IntelliJ IDEA 2025.2.2\jbr\bin\VCRUNTIME140.dll
0x00007ffb1a000000 - 0x00007ffb1a018000 	C:\Program Files\JetBrains\IntelliJ IDEA 2025.2.2\jbr\bin\jli.dll
0x00007ffb206d0000 - 0x00007ffb20897000 	C:\WINDOWS\System32\USER32.dll
0x00007ffb0f990000 - 0x00007ffb0fc24000 	C:\WINDOWS\WinSxS\amd64_microsoft.windows.common-controls_6595b64144ccf1df_6.0.26100.7019_none_3e06ffa0e335b8a8\COMCTL32.dll
0x00007ffb1e990000 - 0x00007ffb1e9b7000 	C:\WINDOWS\System32\win32u.dll
0x00007ffb20330000 - 0x00007ffb203d9000 	C:\WINDOWS\System32\msvcrt.dll
0x00007ffb1f2f0000 - 0x00007ffb1f31b000 	C:\WINDOWS\System32\GDI32.dll
0x00007ffb1ede0000 - 0x00007ffb1ef0c000 	C:\WINDOWS\System32\gdi32full.dll
0x00007ffb1ed30000 - 0x00007ffb1edd3000 	C:\WINDOWS\System32\msvcp_win.dll
0x00007ffb20690000 - 0x00007ffb206c1000 	C:\WINDOWS\System32\IMM32.DLL
0x00007ffb1a050000 - 0x00007ffb1a05c000 	C:\Program Files\JetBrains\IntelliJ IDEA 2025.2.2\jbr\bin\vcruntime140_1.dll
0x00007ffaee830000 - 0x00007ffaee8bd000 	C:\Program Files\JetBrains\IntelliJ IDEA 2025.2.2\jbr\bin\msvcp140.dll
0x00007ffa93090000 - 0x00007ffa93e5b000 	C:\Program Files\JetBrains\IntelliJ IDEA 2025.2.2\jbr\bin\server\jvm.dll
0x00007ffb20c70000 - 0x00007ffb20d24000 	C:\WINDOWS\System32\ADVAPI32.dll
0x00007ffb205e0000 - 0x00007ffb20686000 	C:\WINDOWS\System32\sechost.dll
0x00007ffb204c0000 - 0x00007ffb205d8000 	C:\WINDOWS\System32\RPCRT4.dll
0x00007ffb20bf0000 - 0x00007ffb20c64000 	C:\WINDOWS\System32\WS2_32.dll
0x00007ffb1e3f0000 - 0x00007ffb1e44e000 	C:\WINDOWS\SYSTEM32\POWRPROF.dll
0x00007ffb190e0000 - 0x00007ffb190eb000 	C:\WINDOWS\SYSTEM32\VERSION.dll
0x00007ffb18fd0000 - 0x00007ffb19005000 	C:\WINDOWS\SYSTEM32\WINMM.dll
0x00007ffb1e3d0000 - 0x00007ffb1e3e4000 	C:\WINDOWS\SYSTEM32\UMPDC.dll
0x00007ffb1d310000 - 0x00007ffb1d32b000 	C:\WINDOWS\SYSTEM32\kernel.appcore.dll
0x00007ffb1a040000 - 0x00007ffb1a04a000 	C:\Program Files\JetBrains\IntelliJ IDEA 2025.2.2\jbr\bin\jimage.dll
0x00007ffb102f0000 - 0x00007ffb10532000 	C:\WINDOWS\SYSTEM32\DBGHELP.DLL
0x00007ffb20ff0000 - 0x00007ffb2137b000 	C:\WINDOWS\System32\combase.dll
0x00007ffb20a80000 - 0x00007ffb20b57000 	C:\WINDOWS\System32\OLEAUT32.dll
0x00007ffb07de0000 - 0x00007ffb07e1c000 	C:\WINDOWS\SYSTEM32\dbgcore.DLL
0x00007ffb1e9c0000 - 0x00007ffb1ea65000 	C:\WINDOWS\System32\bcryptPrimitives.dll
0x00007ffb0d420000 - 0x00007ffb0d440000 	C:\Program Files\JetBrains\IntelliJ IDEA 2025.2.2\jbr\bin\java.dll
0x00007ffb1f9f0000 - 0x00007ffb2013f000 	C:\WINDOWS\System32\SHELL32.dll
0x00007ffb1ea70000 - 0x00007ffb1ebdb000 	C:\WINDOWS\System32\wintypes.dll
0x00007ffb1c190000 - 0x00007ffb1c9ed000 	C:\WINDOWS\SYSTEM32\windows.storage.dll
0x00007ffb20d30000 - 0x00007ffb20e22000 	C:\WINDOWS\System32\SHCORE.dll
0x00007ffb1f1f0000 - 0x00007ffb1f257000 	C:\WINDOWS\System32\shlwapi.dll
0x00007ffb1e4b0000 - 0x00007ffb1e4d9000 	C:\WINDOWS\SYSTEM32\profapi.dll
0x00007ffb194d0000 - 0x00007ffb194e0000 	C:\Program Files\JetBrains\IntelliJ IDEA 2025.2.2\jbr\bin\net.dll
0x00007ffb18ce0000 - 0x00007ffb18e08000 	C:\WINDOWS\SYSTEM32\WINHTTP.dll
0x00007ffb1d860000 - 0x00007ffb1d8cb000 	C:\WINDOWS\system32\mswsock.dll
0x00007ffb0d060000 - 0x00007ffb0d076000 	C:\Program Files\JetBrains\IntelliJ IDEA 2025.2.2\jbr\bin\nio.dll
0x00007ffb0d380000 - 0x00007ffb0d398000 	C:\Program Files\JetBrains\IntelliJ IDEA 2025.2.2\jbr\bin\zip.dll
0x00007ffb1cd00000 - 0x00007ffb1cd34000 	C:\WINDOWS\SYSTEM32\IPHLPAPI.DLL
0x00007ffb1f1e0000 - 0x00007ffb1f1ea000 	C:\WINDOWS\System32\NSI.dll
0x00007ffb1dc50000 - 0x00007ffb1dc6b000 	C:\WINDOWS\SYSTEM32\CRYPTSP.dll
0x00007ffb1d270000 - 0x00007ffb1d2aa000 	C:\WINDOWS\system32\rsaenh.dll
0x00007ffb1d910000 - 0x00007ffb1d93b000 	C:\WINDOWS\SYSTEM32\USERENV.dll
0x00007ffb1e480000 - 0x00007ffb1e4aa000 	C:\WINDOWS\SYSTEM32\bcrypt.dll
0x00007ffb1dab0000 - 0x00007ffb1dabc000 	C:\WINDOWS\SYSTEM32\CRYPTBASE.dll
0x00007ffb0ec70000 - 0x00007ffb0ec79000 	C:\Program Files\JetBrains\IntelliJ IDEA 2025.2.2\jbr\bin\extnet.dll
0x00007ffb0ece0000 - 0x00007ffb0ece7000 	C:\Program Files\JetBrains\IntelliJ IDEA 2025.2.2\jbr\bin\rmi.dll
0x00007ffb1cd90000 - 0x00007ffb1cebc000 	C:\WINDOWS\SYSTEM32\DNSAPI.dll
0x00007ffb16730000 - 0x00007ffb1673b000 	C:\Windows\System32\rasadhlp.dll
0x00007ffb17e10000 - 0x00007ffb17e96000 	C:\WINDOWS\System32\fwpuclnt.dll

JVMTI agents: none

dbghelp: loaded successfully - version: 4.0.5 - missing functions: none
symbol engine: initialized successfully - sym options: 0x614 - pdb path: .;C:\Program Files\JetBrains\IntelliJ IDEA 2025.2.2\jbr\bin;C:\WINDOWS\SYSTEM32;C:\WINDOWS\WinSxS\amd64_microsoft.windows.common-controls_6595b64144ccf1df_6.0.26100.7019_none_3e06ffa0e335b8a8;C:\Program Files\JetBrains\IntelliJ IDEA 2025.2.2\jbr\bin\server

VM Arguments:
jvm_args: -Djava.rmi.server.hostname=127.0.0.1 -Duser.timezone=UTC -Xmx2048m -Xms128m -Djdbc.classpath=C:\Users\DAM\AppData\Local\Temp\RemoteDriver1.classpath.txt --add-exports=java.desktop/sun.awt=ALL-UNNAMED --add-exports=java.desktop/java.awt.peer=ALL-UNNAMED --add-opens=java.desktop/java.awt=ALL-UNNAMED --add-opens=jdk.unsupported/sun.misc=ALL-UNNAMED --add-opens=java.base/java.nio=ALL-UNNAMED --add-opens=java.base/java.util=ALL-UNNAMED -Dfile.encoding=UTF-8 -Dsun.stdout.encoding=UTF-8 -Dsun.stderr.encoding=UTF-8 
java_command: com.intellij.database.remote.RemoteJdbcServer org.mariadb.jdbc.Driver
java_class_path (initial): C:\Program Files\JetBrains\IntelliJ IDEA 2025.2.2\lib\util_rt.jar;C:\Program Files\JetBrains\IntelliJ IDEA 2025.2.2\lib\util-8.jar;C:\Program Files\JetBrains\IntelliJ IDEA 2025.2.2\lib\groovy.jar;C:\Program Files\JetBrains\IntelliJ IDEA 2025.2.2\plugins\DatabaseTools\lib\jdbc-console.jar;C:\Program Files\JetBrains\IntelliJ IDEA 2025.2.2\lib\modules\intellij.grid.types.jar;C:\Program Files\JetBrains\IntelliJ IDEA 2025.2.2\lib\util.jar;C:\Program Files\JetBrains\IntelliJ IDEA 2025.2.2\lib\bouncy-castle.jar
Launcher Type: SUN_STANDARD

[Global flags]
     intx CICompilerCount                          = 3                                         {product} {ergonomic}
     uint ConcGCThreads                            = 2                                         {product} {ergonomic}
     uint G1ConcRefinementThreads                  = 6                                         {product} {ergonomic}
   size_t G1HeapRegionSize                         = 1048576                                   {product} {ergonomic}
    uintx GCDrainStackTargetSize                   = 64                                        {product} {ergonomic}
   size_t InitialHeapSize                          = 134217728                                 {product} {command line}
   size_t MarkStackSize                            = 4194304                                   {product} {ergonomic}
   size_t MaxHeapSize                              = 2147483648                                {product} {command line}
   size_t MaxNewSize                               = 1287651328                                {product} {ergonomic}
   size_t MinHeapDeltaBytes                        = 1048576                                   {product} {ergonomic}
   size_t MinHeapSize                              = 134217728                                 {product} {command line}
    uintx NonNMethodCodeHeapSize                   = 5832780                                {pd product} {ergonomic}
    uintx NonProfiledCodeHeapSize                  = 122912730                              {pd product} {ergonomic}
    uintx ProfiledCodeHeapSize                     = 122912730                              {pd product} {ergonomic}
    uintx ReservedCodeCacheSize                    = 251658240                              {pd product} {ergonomic}
     bool SegmentedCodeCache                       = true                                      {product} {ergonomic}
   size_t SoftMaxHeapSize                          = 2147483648                             {manageable} {ergonomic}
     bool UseCompressedOops                        = true                           {product lp64_product} {ergonomic}
     bool UseG1GC                                  = true                                      {product} {ergonomic}
     bool UseLargePagesIndividualAllocation        = false                                  {pd product} {ergonomic}

Logging:
Log output configuration:
 #0: stdout all=warning uptime,level,tags foldmultilines=false
 #1: stderr all=off uptime,level,tags foldmultilines=false

Environment Variables:
JAVA_HOME=C:\Program Files\Java\jdk-21
PATH=C:\Program Files\Common Files\Oracle\Java\javapath;C:\Python313\Scripts\;C:\Python313\;C:\WINDOWS\system32;C:\WINDOWS;C:\WINDOWS\System32\Wbem;C:\WINDOWS\System32\WindowsPowerShell\v1.0\;C:\WINDOWS\System32\OpenSSH\;C:\Program Files\nodejs\;C:\ProgramData\chocolatey\bin;C:\Program Files\Docker\Docker\resources\bin;C:\Program Files\Git\cmd;C:\Program Files\apache-maven-3.9.6\bin;C:\Program Files\Java\jdk-21\bin;C:\Program Files\apache-maven-3.9.6\bin;C:\Users\DAM\AppData\Local\Microsoft\WindowsApps;C:\Users\DAM\AppData\Local\Programs\Microsoft VS Code\bin;C:\Program Files\JetBrains\IntelliJ IDEA 2025.2.2\bin;C:\Program Files\JetBrains\WebStorm 2025.2.2\bin;C:\Users\DAM\AppData\Roaming\npm;C:\Program Files\JetBrains\CLion 2025.2.3\bin;C:\Users\DAM\AppData\Local\GitHubDesktop\bin
USERNAME=DAM
OS=Windows_NT
PROCESSOR_IDENTIFIER=Intel64 Family 6 Model 158 Stepping 10, GenuineIntel
TMP=C:\Users\DAM\AppData\Local\Temp
TEMP=C:\Users\DAM\AppData\Local\Temp




Periodic native trim disabled

JNI global refs:
JNI global refs: 16, weak refs: 0

JNI global refs memory usage: 835, weak refs: 833

Process memory usage:
Resident Set Size: 80960K (0% of 16637152K total physical memory with 1602864K free physical memory)

OOME stack traces (most recent first):
Classloader memory used:
Loader bootstrap                                                                       : 3455K
Loader jdk.internal.loader.ClassLoaders$AppClassLoader                                 : 3153K
Loader com.intellij.database.remote.jdbc.impl.JdbcClassLoader$JdbcClassLoaderImpl      : 1709K
Loader jdk.internal.loader.ClassLoaders$PlatformClassLoader                            : 306K
Loader jdk.internal.reflect.DelegatingClassLoader                                      : 130K

---------------  S Y S T E M  ---------------

OS:
 Windows 11 , 64 bit Build 26100 (10.0.26100.7019)
OS uptime: 4 days 2:29 hours
Hyper-V role detected

CPU: total 6 (initial active 6) (6 cores per cpu, 1 threads per core) family 6 model 158 stepping 10 microcode 0xde, cx8, cmov, fxsr, mmx, 3dnowpref, sse, sse2, sse3, ssse3, sse4.1, sse4.2, popcnt, lzcnt, tsc, tscinvbit, avx, avx2, aes, erms, clmul, bmi1, bmi2, adx, fma, vzeroupper, clflush, clflushopt, hv, rdtscp, f16c
Processor Information for the first 6 processors :
  Max Mhz: 2904, Current Mhz: 2904, Mhz Limit: 2904

Memory: 4k page, system-wide physical 16247M (1566M free)
TotalPageFile size 44694M (AvailPageFile size 7M)
current process WorkingSet (physical memory assigned to process): 82M, peak: 125M
current process commit charge ("private bytes"): 257M, peak: 266M

vm_info: OpenJDK 64-Bit Server VM (21.0.8+1-b1038.73) for windows-amd64 JRE (21.0.8+1-b1038.73), built on 2025-09-24 by "builduser" with MS VC++ 16.10 / 16.11 (VS2019)

END.
