#
# There is insufficient memory for the Java Runtime Environment to continue.
# Native memory allocation (mmap) failed to map 266338304 bytes for G1 virtual space
# Possible reasons:
#   The system is out of physical RAM or swap space
#   The process is running with CompressedOops enabled, and the Java Heap may be blocking the growth of the native heap
# Possible solutions:
#   Reduce memory load on the system
#   Increase physical memory or swap space
#   Check if swap backing store is full
#   Decrease Java heap size (-Xmx/-Xms)
#   Decrease number of Java threads
#   Decrease Java thread stack sizes (-Xss)
#   Set larger code cache with -XX:ReservedCodeCacheSize=
#   JVM is running with Zero Based Compressed Oops mode in which the Java heap is
#     placed in the first 32GB address space. The Java Heap base address is the
#     maximum limit for the native heap growth. Please use -XX:HeapBaseMinAddress
#     to set the Java Heap base and to place the Java Heap above 32GB virtual address.
# This output file may be truncated or incomplete.
#
#  Out of Memory Error (os_windows.cpp:3603), pid=11956, tid=14316
#
# JRE version:  (21.0.8+12) (build )
# Java VM: Java HotSpot(TM) 64-Bit Server VM (21.0.8+12-LTS-250, mixed mode, sharing, tiered, compressed oops, compressed class ptrs, g1 gc, windows-amd64)
# No core dump will be written. Minidumps are not enabled by default on client versions of Windows
#

---------------  S U M M A R Y ------------

Command Line: --enable-native-access=ALL-UNNAMED 

Host: Intel(R) Core(TM) i5-9400 CPU @ 2.90GHz, 6 cores, 15G,  Windows 11 , 64 bit Build 26100 (10.0.26100.7019)
Time: Fri Nov 21 13:02:20 2025 Hora estándar romance elapsed time: 0.392662 seconds (0d 0h 0m 0s)

---------------  T H R E A D  ---------------

Current thread (0x00000270e104b8a0):  JavaThread "Unknown thread" [_thread_in_vm, id=14316, stack(0x000000cb60600000,0x000000cb60700000) (1024K)]

Stack: [0x000000cb60600000,0x000000cb60700000]
Native frames: (J=compiled Java code, j=interpreted, Vv=VM code, C=native code)
V  [jvm.dll+0x6cc179]
V  [jvm.dll+0x8584c1]
V  [jvm.dll+0x85a9ee]
V  [jvm.dll+0x85b0c3]
V  [jvm.dll+0x27ebf6]
V  [jvm.dll+0x6c88f5]
V  [jvm.dll+0x6bd45a]
V  [jvm.dll+0x354b1a]
V  [jvm.dll+0x35c796]
V  [jvm.dll+0x3af85e]
V  [jvm.dll+0x3afb08]
V  [jvm.dll+0x328e2c]
V  [jvm.dll+0x32998b]
V  [jvm.dll+0x821879]
V  [jvm.dll+0x3bc541]
V  [jvm.dll+0x80aaf8]
V  [jvm.dll+0x45172e]
V  [jvm.dll+0x453321]
C  [jli.dll+0x52a3]
C  [ucrtbase.dll+0x37b0]
C  [KERNEL32.DLL+0x2e8d7]
C  [ntdll.dll+0x8c53c]


---------------  P R O C E S S  ---------------

Threads class SMR info:
_java_thread_list=0x00007fff9448fc48, length=0, elements={
}

Java Threads: ( => current thread )
Total: 0

Other Threads:
  0x00000270e10ae150 WorkerThread "GC Thread#0"                     [id=14212, stack(0x000000cb60700000,0x000000cb60800000) (1024K)]
  0x00000270e10bf680 ConcurrentGCThread "G1 Main Marker"            [id=7268, stack(0x000000cb60800000,0x000000cb60900000) (1024K)]
  0x00000270e10c3160 WorkerThread "G1 Conc#0"                       [id=5020, stack(0x000000cb60900000,0x000000cb60a00000) (1024K)]

[error occurred during error reporting (printing all threads), id 0xc0000005, EXCEPTION_ACCESS_VIOLATION (0xc0000005) at pc=0x00007fff93bfb5b7]
VM state: not at safepoint (not fully initialized)

VM Mutex/Monitor currently owned by a thread:  ([mutex/lock_event])
[0x00007fff94500f50] Heap_lock - owner thread: 0x00000270e104b8a0

Heap address: 0x0000000702200000, size: 4062 MB, Compressed Oops mode: Zero based, Oop shift amount: 3

CDS archive(s) mapped at: [0x0000000000000000-0x0000000000000000-0x0000000000000000), size 0, SharedBaseAddress: 0x0000000800000000, ArchiveRelocationMode: 1.
Narrow klass base: 0x0000000000000000, Narrow klass shift: 0, Narrow klass range: 0x0

GC Precious Log:
 CardTable entry size: 512
 Card Set container configuration: InlinePtr #cards 4 size 8 Array Of Cards #cards 16 size 48 Howl #buckets 8 coarsen threshold 3686 Howl Bitmap #cards 512 size 80 coarsen threshold 460 Card regions per heap region 1 cards per card region 4096

Heap:
 garbage-first heap   total 0K, used 0K [0x0000000702200000, 0x0000000800000000)
  region size 2048K, 0 young (0K), 0 survivors (0K)

[error occurred during error reporting (printing heap information), id 0xc0000005, EXCEPTION_ACCESS_VIOLATION (0xc0000005) at pc=0x00007fff93fe51e9]
GC Heap History (0 events):
No events

Dll operation events (1 events):
Event: 0.007 Loaded shared library C:\Program Files\Java\jdk-21\bin\java.dll

Deoptimization events (0 events):
No events

Classes loaded (0 events):
No events

Classes unloaded (0 events):
No events

Classes redefined (0 events):
No events

Internal exceptions (0 events):
No events

ZGC Phase Switch (0 events):
No events

VM Operations (0 events):
No events

Events (0 events):
No events


Dynamic libraries:
0x00007ff72e7f0000 - 0x00007ff72e800000 	C:\Program Files\Java\jdk-21\bin\java.exe
0x00007ffff8040000 - 0x00007ffff82a8000 	C:\WINDOWS\SYSTEM32\ntdll.dll
0x00007ffff7210000 - 0x00007ffff72d9000 	C:\WINDOWS\System32\KERNEL32.DLL
0x00007ffff5390000 - 0x00007ffff5788000 	C:\WINDOWS\System32\KERNELBASE.dll
0x00007ffff5190000 - 0x00007ffff52db000 	C:\WINDOWS\System32\ucrtbase.dll
0x00007fffdb2f0000 - 0x00007fffdb30b000 	C:\Program Files\Java\jdk-21\bin\VCRUNTIME140.dll
0x00007fffa9a70000 - 0x00007fffa9a89000 	C:\Program Files\Java\jdk-21\bin\jli.dll
0x00007ffff5df0000 - 0x00007ffff5ea4000 	C:\WINDOWS\System32\ADVAPI32.dll
0x00007ffff6ff0000 - 0x00007ffff7099000 	C:\WINDOWS\System32\msvcrt.dll
0x00007ffff67f0000 - 0x00007ffff6896000 	C:\WINDOWS\System32\sechost.dll
0x00007ffff6ed0000 - 0x00007ffff6fe8000 	C:\WINDOWS\System32\RPCRT4.dll
0x00007ffff77d0000 - 0x00007ffff7997000 	C:\WINDOWS\System32\USER32.dll
0x00007fffe6230000 - 0x00007fffe64c4000 	C:\WINDOWS\WinSxS\amd64_microsoft.windows.common-controls_6595b64144ccf1df_6.0.26100.7019_none_3e06ffa0e335b8a8\COMCTL32.dll
0x00007ffff5790000 - 0x00007ffff57b7000 	C:\WINDOWS\System32\win32u.dll
0x00007ffff71e0000 - 0x00007ffff720b000 	C:\WINDOWS\System32\GDI32.dll
0x00007ffff59e0000 - 0x00007ffff5b0c000 	C:\WINDOWS\System32\gdi32full.dll
0x00007ffff5930000 - 0x00007ffff59d3000 	C:\WINDOWS\System32\msvcp_win.dll
0x00007fffefb40000 - 0x00007fffefb4b000 	C:\WINDOWS\SYSTEM32\VERSION.dll
0x00007ffff70a0000 - 0x00007ffff70d1000 	C:\WINDOWS\System32\IMM32.DLL
0x00007fffd6560000 - 0x00007fffd656c000 	C:\Program Files\Java\jdk-21\bin\vcruntime140_1.dll
0x00007fffa99e0000 - 0x00007fffa9a6e000 	C:\Program Files\Java\jdk-21\bin\msvcp140.dll
0x00007fff938c0000 - 0x00007fff945dd000 	C:\Program Files\Java\jdk-21\bin\server\jvm.dll
0x00007ffff70e0000 - 0x00007ffff7154000 	C:\WINDOWS\System32\WS2_32.dll
0x00007ffff4ff0000 - 0x00007ffff504e000 	C:\WINDOWS\SYSTEM32\POWRPROF.dll
0x00007fffd6660000 - 0x00007fffd6695000 	C:\WINDOWS\SYSTEM32\WINMM.dll
0x00007ffff4fd0000 - 0x00007ffff4fe4000 	C:\WINDOWS\SYSTEM32\UMPDC.dll
0x00007ffff3f10000 - 0x00007ffff3f2b000 	C:\WINDOWS\SYSTEM32\kernel.appcore.dll
0x00007fffd5410000 - 0x00007fffd541a000 	C:\Program Files\Java\jdk-21\bin\jimage.dll
0x00007fffe64f0000 - 0x00007fffe6732000 	C:\WINDOWS\SYSTEM32\DBGHELP.DLL
0x00007ffff7300000 - 0x00007ffff768b000 	C:\WINDOWS\System32\combase.dll
0x00007ffff68a0000 - 0x00007ffff6977000 	C:\WINDOWS\System32\OLEAUT32.dll
0x00007fffdfc80000 - 0x00007fffdfcbc000 	C:\WINDOWS\SYSTEM32\dbgcore.DLL
0x00007ffff52e0000 - 0x00007ffff5385000 	C:\WINDOWS\System32\bcryptPrimitives.dll
0x00007fffa99c0000 - 0x00007fffa99df000 	C:\Program Files\Java\jdk-21\bin\java.dll

dbghelp: loaded successfully - version: 4.0.5 - missing functions: none
symbol engine: initialized successfully - sym options: 0x614 - pdb path: .;C:\Program Files\Java\jdk-21\bin;C:\WINDOWS\SYSTEM32;C:\WINDOWS\WinSxS\amd64_microsoft.windows.common-controls_6595b64144ccf1df_6.0.26100.7019_none_3e06ffa0e335b8a8;C:\Program Files\Java\jdk-21\bin\server

VM Arguments:
jvm_args: --enable-native-access=ALL-UNNAMED 
java_command: <unknown>
java_class_path (initial): <not set>
Launcher Type: SUN_STANDARD

[Global flags]
     intx CICompilerCount                          = 3                                         {product} {ergonomic}
     uint ConcGCThreads                            = 2                                         {product} {ergonomic}
     uint G1ConcRefinementThreads                  = 6                                         {product} {ergonomic}
   size_t G1HeapRegionSize                         = 2097152                                   {product} {ergonomic}
    uintx GCDrainStackTargetSize                   = 64                                        {product} {ergonomic}
   size_t InitialHeapSize                          = 266338304                                 {product} {ergonomic}
   size_t MarkStackSize                            = 4194304                                   {product} {ergonomic}
   size_t MaxHeapSize                              = 4259315712                                {product} {ergonomic}
   size_t MinHeapDeltaBytes                        = 2097152                                   {product} {ergonomic}
   size_t MinHeapSize                              = 8388608                                   {product} {ergonomic}
    uintx NonNMethodCodeHeapSize                   = 5832780                                {pd product} {ergonomic}
    uintx NonProfiledCodeHeapSize                  = 122912730                              {pd product} {ergonomic}
    uintx ProfiledCodeHeapSize                     = 122912730                              {pd product} {ergonomic}
    uintx ReservedCodeCacheSize                    = 251658240                              {pd product} {ergonomic}
     bool SegmentedCodeCache                       = true                                      {product} {ergonomic}
   size_t SoftMaxHeapSize                          = 4259315712                             {manageable} {ergonomic}
     bool UseCompressedOops                        = true                           {product lp64_product} {ergonomic}
     bool UseG1GC                                  = true                                      {product} {ergonomic}
     bool UseLargePagesIndividualAllocation        = false                                  {pd product} {ergonomic}

Logging:
Log output configuration:
 #0: stdout all=warning uptime,level,tags foldmultilines=false
 #1: stderr all=off uptime,level,tags foldmultilines=false

Environment Variables:
JAVA_HOME=C:\Program Files\Java\jdk-21
PATH=C:\Program Files\Common Files\Oracle\Java\javapath;C:\Python313\Scripts\;C:\Python313\;C:\WINDOWS\system32;C:\WINDOWS;C:\WINDOWS\System32\Wbem;C:\WINDOWS\System32\WindowsPowerShell\v1.0\;C:\WINDOWS\System32\OpenSSH\;C:\Program Files\nodejs\;C:\ProgramData\chocolatey\bin;C:\Program Files\Docker\Docker\resources\bin;C:\Program Files\Git\cmd;C:\Program Files\apache-maven-3.9.6\bin;C:\Program Files\Java\jdk-21\bin;C:\Program Files\apache-maven-3.9.6\bin;C:\Users\DAM\AppData\Local\Microsoft\WindowsApps;C:\Users\DAM\AppData\Local\Programs\Microsoft VS Code\bin;C:\Program Files\JetBrains\IntelliJ IDEA 2025.2.2\bin;C:\Program Files\JetBrains\WebStorm 2025.2.2\bin;C:\Users\DAM\AppData\Roaming\npm;C:\Program Files\JetBrains\CLion 2025.2.3\bin;C:\Users\DAM\AppData\Local\GitHubDesktop\bin
USERNAME=DAM
OS=Windows_NT
PROCESSOR_IDENTIFIER=Intel64 Family 6 Model 158 Stepping 10, GenuineIntel
TMP=C:\Users\DAM\AppData\Local\Temp
TEMP=C:\Users\DAM\AppData\Local\Temp




Periodic native trim disabled

---------------  S Y S T E M  ---------------

OS:
 Windows 11 , 64 bit Build 26100 (10.0.26100.7019)
OS uptime: 0 days 23:18 hours
Hyper-V role detected

CPU: total 6 (initial active 6) (6 cores per cpu, 1 threads per core) family 6 model 158 stepping 10 microcode 0xde, cx8, cmov, fxsr, mmx, 3dnowpref, sse, sse2, sse3, ssse3, sse4.1, sse4.2, popcnt, lzcnt, tsc, tscinvbit, avx, avx2, aes, erms, clmul, bmi1, bmi2, adx, fma, vzeroupper, clflush, clflushopt, hv, rdtscp, f16c
Processor Information for all 6 processors :
  Max Mhz: 2904, Current Mhz: 2904, Mhz Limit: 2904

Memory: 4k page, system-wide physical 16247M (5175M free)
TotalPageFile size 44694M (AvailPageFile size 108M)
current process WorkingSet (physical memory assigned to process): 12M, peak: 12M
current process commit charge ("private bytes"): 56M, peak: 310M

vm_info: Java HotSpot(TM) 64-Bit Server VM (21.0.8+12-LTS-250) for windows-amd64 JRE (21.0.8+12-LTS-250), built on 2025-06-27T08:11:22Z by "mach5one" with MS VC++ 17.6 (VS2022)

END.
